0 info it worked if it ends with ok
1 verbose cli [ '/Users/FTAndy/.nvm/versions/node/v8.0.0-nightly20161029ec7c27f4cb/bin/node',
1 verbose cli   '/Users/FTAndy/.nvm/versions/node/v8.0.0-nightly20161029ec7c27f4cb/bin/npm',
1 verbose cli   'run',
1 verbose cli   'test' ]
2 info using npm@3.10.8
3 info using node@v8.0.0-nightly20161029ec7c27f4cb
4 verbose run-script [ 'pretest', 'test', 'posttest' ]
5 info lifecycle mimi-eventemitter@1.0.0~pretest: mimi-eventemitter@1.0.0
6 silly lifecycle mimi-eventemitter@1.0.0~pretest: no script for pretest, continuing
7 info lifecycle mimi-eventemitter@1.0.0~test: mimi-eventemitter@1.0.0
8 verbose lifecycle mimi-eventemitter@1.0.0~test: unsafe-perm in lifecycle true
9 verbose lifecycle mimi-eventemitter@1.0.0~test: PATH: /Users/FTAndy/.nvm/versions/node/v8.0.0-nightly20161029ec7c27f4cb/lib/node_modules/npm/bin/node-gyp-bin:/Users/FTAndy/Project/my-repo/mimi-eventemitter/node_modules/.bin:/Users/FTAndy/.rvm/gems/ruby-2.3.0/bin:/Users/FTAndy/.rvm/gems/ruby-2.3.0@global/bin:/Users/FTAndy/.rvm/rubies/ruby-2.3.0/bin:/usr/local/opt/go/bin/bin:/Users/FTAndy/.nvm/versions/node/v8.0.0-nightly20161029ec7c27f4cb/bin:/usr/local/bin:/usr/bin:/bin:/usr/sbin:/sbin:/Users/FTAndy/.rvm/bin:/usr/local/opt/go/libexec/bin
10 verbose lifecycle mimi-eventemitter@1.0.0~test: CWD: /Users/FTAndy/Project/my-repo/mimi-eventemitter
11 silly lifecycle mimi-eventemitter@1.0.0~test: Args: [ '-c', 'jest' ]
12 silly lifecycle mimi-eventemitter@1.0.0~test: Returned: code: 1  signal: null
13 info lifecycle mimi-eventemitter@1.0.0~test: Failed to exec test script
14 verbose stack Error: mimi-eventemitter@1.0.0 test: `jest`
14 verbose stack Exit status 1
14 verbose stack     at EventEmitter.<anonymous> (/Users/FTAndy/.nvm/versions/node/v8.0.0-nightly20161029ec7c27f4cb/lib/node_modules/npm/lib/utils/lifecycle.js:255:16)
14 verbose stack     at emitTwo (events.js:106:13)
14 verbose stack     at EventEmitter.emit (events.js:191:7)
14 verbose stack     at ChildProcess.<anonymous> (/Users/FTAndy/.nvm/versions/node/v8.0.0-nightly20161029ec7c27f4cb/lib/node_modules/npm/lib/utils/spawn.js:40:14)
14 verbose stack     at emitTwo (events.js:106:13)
14 verbose stack     at ChildProcess.emit (events.js:191:7)
14 verbose stack     at maybeClose (internal/child_process.js:877:16)
14 verbose stack     at Process.ChildProcess._handle.onexit (internal/child_process.js:226:5)
15 verbose pkgid mimi-eventemitter@1.0.0
16 verbose cwd /Users/FTAndy/Project/my-repo/mimi-eventemitter
17 error Darwin 14.4.0
18 error argv "/Users/FTAndy/.nvm/versions/node/v8.0.0-nightly20161029ec7c27f4cb/bin/node" "/Users/FTAndy/.nvm/versions/node/v8.0.0-nightly20161029ec7c27f4cb/bin/npm" "run" "test"
19 error node v8.0.0-nightly20161029ec7c27f4cb
20 error npm  v3.10.8
21 error code ELIFECYCLE
22 error mimi-eventemitter@1.0.0 test: `jest`
22 error Exit status 1
23 error Failed at the mimi-eventemitter@1.0.0 test script 'jest'.
23 error Make sure you have the latest version of node.js and npm installed.
23 error If you do, this is most likely a problem with the mimi-eventemitter package,
23 error not with npm itself.
23 error Tell the author that this fails on your system:
23 error     jest
23 error You can get information on how to open an issue for this project with:
23 error     npm bugs mimi-eventemitter
23 error Or if that isn't available, you can get their info via:
23 error     npm owner ls mimi-eventemitter
23 error There is likely additional logging output above.
24 verbose exit [ 1, true ]
